2020-11-30 00:31:26.660 INFO  [24243] [main@53] 

==============================================START CLIENT==============================================
2020-11-30 00:31:26.660 INFO  [24243] [ZmqChatClient::CZmqChatClient::CZmqChatClient@28] create CZmqChatClient object
2020-11-30 00:31:26.660 INFO  [24243] [ZmqChatClient::CZmqChatClient::start@49] start client...
2020-11-30 00:31:26.660 INFO  [24243] [ZmqChatClient::CZmqChatClient::start@52] init client params
2020-11-30 00:31:27.432 INFO  [24243] [ZmqChatClient::CZmqChatClient::checkName@318] user name <- User
2020-11-30 00:31:34.904 INFO  [24243] [s_signal_handler@21] quitting via signal [2]
2020-11-30 00:31:37.730 INFO  [24243] [s_signal_handler@21] quitting via signal [2]
2020-11-30 00:31:38.880 INFO  [24243] [s_signal_handler@21] quitting via signal [2]
2020-11-30 00:31:39.211 INFO  [24243] [s_signal_handler@21] quitting via signal [2]
2020-11-30 00:31:39.417 INFO  [24243] [s_signal_handler@21] quitting via signal [2]
2020-11-30 00:31:39.578 INFO  [24243] [s_signal_handler@21] quitting via signal [2]
2020-11-30 00:33:37.833 INFO  [24353] [main@53] 

==============================================START CLIENT==============================================
2020-11-30 00:33:37.834 INFO  [24353] [ZmqChatClient::CZmqChatClient::CZmqChatClient@28] create CZmqChatClient object
2020-11-30 00:33:37.834 INFO  [24353] [ZmqChatClient::CZmqChatClient::start@49] start client...
2020-11-30 00:33:37.834 INFO  [24353] [ZmqChatClient::CZmqChatClient::start@52] init client params
2020-11-30 00:33:39.055 INFO  [24353] [s_signal_handler@21] quitting via signal [2]
2020-11-30 00:33:39.055 INFO  [24353] [ZmqChatClient::CZmqChatClient::checkName@318] user name <- User
2020-11-30 00:33:39.055 INFO  [24353] [ZmqChatClient::CZmqChatClient::checkIp@349] server ip <- localhost
2020-11-30 00:33:39.055 INFO  [24353] [ZmqChatClient::CZmqChatClient::checkPort@375] server receive port <- 5555
2020-11-30 00:33:39.055 INFO  [24353] [ZmqChatClient::CZmqChatClient::checkPort@376] server send port <- 5556
2020-11-30 00:33:39.055 INFO  [24353] [ZmqChatClient::CZmqChatClient::start@59] start receiving thread
2020-11-30 00:33:39.055 INFO  [24353] [ZmqChatClient::CZmqChatClient::start@63] start sending
2020-11-30 00:33:39.055 INFO  [24353] [ZmqChatClient::CZmqChatClient::startSending@181] [sending] prepare context and socket
2020-11-30 00:33:39.056 INFO  [24353] [ZmqChatClient::CZmqChatClient::startSending@185] [sending] set socket options
2020-11-30 00:33:39.056 INFO  [24353] [ZmqChatClient::CZmqChatClient::startSending@190] [sending] trye to connect to server...
2020-11-30 00:33:39.056 INFO  [24353] [ZmqChatClient::CZmqChatClient::startSending@201] ...Ok
2020-11-30 00:33:39.056 INFO  [24354] [ZmqChatClient::CZmqChatClient::startReceiving@138] [receiving] prepare context and socket
2020-11-30 00:33:39.056 INFO  [24354] [ZmqChatClient::CZmqChatClient::startReceiving@143] [receiving] set socket options
2020-11-30 00:33:39.056 INFO  [24354] [ZmqChatClient::CZmqChatClient::startReceiving@149] [receiving] try to connect to server...
2020-11-30 00:33:39.056 INFO  [24354] [ZmqChatClient::CZmqChatClient::startReceiving@161] ...Ok.
2020-11-30 00:33:39.056 INFO  [24353] [ZmqChatClient::CZmqChatClient::~CZmqChatClient@38] destroy CZmqChatClient object
2020-11-30 00:33:39.056 INFO  [24353] [ZmqChatClient::CZmqChatClient::stop@74] Stopping client...
2020-11-30 00:33:39.056 INFO  [24353] [ZmqChatClient::CZmqChatClient::stop@77] Stopping threads...
2020-11-30 00:33:39.058 INFO  [24353] [ZmqChatClient::CZmqChatClient::stop@81] receiver joined
2020-11-30 00:33:39.058 INFO  [24353] [ZmqChatClient::CZmqChatClient::stop@89] Ok.
2020-11-30 00:33:39.058 INFO  [24353] [main@67] ==============================================END CLIENT==============================================


2020-11-30 00:33:43.282 INFO  [24370] [main@53] 

==============================================START CLIENT==============================================
2020-11-30 00:33:43.282 INFO  [24370] [ZmqChatClient::CZmqChatClient::CZmqChatClient@28] create CZmqChatClient object
2020-11-30 00:33:43.282 INFO  [24370] [ZmqChatClient::CZmqChatClient::start@49] start client...
2020-11-30 00:33:43.282 INFO  [24370] [ZmqChatClient::CZmqChatClient::start@52] init client params
2020-11-30 00:33:43.815 INFO  [24370] [ZmqChatClient::CZmqChatClient::checkName@318] user name <- User
2020-11-30 00:33:45.639 INFO  [24370] [ZmqChatClient::CZmqChatClient::checkIp@349] server ip <- localhost
2020-11-30 00:33:47.159 INFO  [24370] [ZmqChatClient::CZmqChatClient::checkPort@375] server receive port <- 5555
2020-11-30 00:33:47.159 INFO  [24370] [ZmqChatClient::CZmqChatClient::checkPort@376] server send port <- 5556
2020-11-30 00:33:47.159 INFO  [24370] [ZmqChatClient::CZmqChatClient::start@59] start receiving thread
2020-11-30 00:33:47.159 INFO  [24370] [ZmqChatClient::CZmqChatClient::start@63] start sending
2020-11-30 00:33:47.159 INFO  [24370] [ZmqChatClient::CZmqChatClient::startSending@181] [sending] prepare context and socket
2020-11-30 00:33:47.159 INFO  [24379] [ZmqChatClient::CZmqChatClient::startReceiving@138] [receiving] prepare context and socket
2020-11-30 00:33:47.159 INFO  [24379] [ZmqChatClient::CZmqChatClient::startReceiving@143] [receiving] set socket options
2020-11-30 00:33:47.159 INFO  [24379] [ZmqChatClient::CZmqChatClient::startReceiving@149] [receiving] try to connect to server...
2020-11-30 00:33:47.159 INFO  [24379] [ZmqChatClient::CZmqChatClient::startReceiving@161] ...Ok.
2020-11-30 00:33:47.160 INFO  [24370] [ZmqChatClient::CZmqChatClient::startSending@185] [sending] set socket options
2020-11-30 00:33:47.160 INFO  [24370] [ZmqChatClient::CZmqChatClient::startSending@190] [sending] trye to connect to server...
2020-11-30 00:33:47.160 INFO  [24370] [ZmqChatClient::CZmqChatClient::startSending@201] ...Ok
2020-11-30 00:33:50.199 INFO  [24370] [ZmqChatClient::CZmqChatClient::sendMessage@247] sending: test test
2020-11-30 00:33:50.199 INFO  [24370] [ZmqChatClient::CZmqChatClient::sendMessage@257] send: ok
2020-11-30 00:33:50.200 INFO  [24379] [displayMessage@273] received: [_from_server_][User][test test]
2020-11-30 00:33:53.127 INFO  [24370] [ZmqChatClient::CZmqChatClient::sendMessage@247] sending: aksdfhnnm,nzxcvzxv
2020-11-30 00:33:53.127 INFO  [24370] [ZmqChatClient::CZmqChatClient::sendMessage@257] send: ok
2020-11-30 00:33:53.128 INFO  [24379] [displayMessage@273] received: [_from_server_][User][aksdfhnnm,nzxcvzxv]
2020-11-30 00:33:58.768 INFO  [24370] [ZmqChatClient::CZmqChatClient::sendMessage@247] sending: testets etsetshhsadfasdf aserhlhlqkwerhqwnfasdf
2020-11-30 00:33:58.768 INFO  [24370] [ZmqChatClient::CZmqChatClient::sendMessage@257] send: ok
2020-11-30 00:33:58.769 INFO  [24379] [displayMessage@273] received: [_from_server_][User][testets etsetshhsadfasdf aserhlhlqkwerhqwnfasdf]
2020-11-30 00:33:59.910 INFO  [24370] [s_signal_handler@21] quitting via signal [2]
2020-11-30 00:33:59.911 INFO  [24370] [ZmqChatClient::CZmqChatClient::~CZmqChatClient@38] destroy CZmqChatClient object
2020-11-30 00:33:59.911 INFO  [24370] [ZmqChatClient::CZmqChatClient::stop@74] Stopping client...
2020-11-30 00:33:59.911 INFO  [24370] [ZmqChatClient::CZmqChatClient::stop@77] Stopping threads...
2020-11-30 00:33:59.913 INFO  [24370] [ZmqChatClient::CZmqChatClient::stop@81] receiver joined
2020-11-30 00:33:59.913 INFO  [24370] [ZmqChatClient::CZmqChatClient::stop@89] Ok.
2020-11-30 00:33:59.913 INFO  [24370] [main@67] ==============================================END CLIENT==============================================


